<?xml version="1.0" encoding="UTF-8"?>
<testsuite xmlns:xsi="http://www.w3.org/2001/XMLSchema-instance" xsi:noNamespaceSchemaLocation="https://maven.apache.org/surefire/maven-surefire-plugin/xsd/surefire-test-report.xsd" name="TestSuite" time="1.351" tests="42" errors="0" skipped="36" failures="6">
  <properties>
[...]
</properties>
  <testcase name="beforeMethod" classname="com.store.testCases.LoginLogOffTest" time="0.437">
    <failure message="The driver is not executable: /home/thathakalyanifi/Downloads/ecommerce_selenium/./drivers/chromedriver.exe" type="java.lang.IllegalStateException">java.lang.IllegalStateException: The driver is not executable: /home/thathakalyanifi/Downloads/ecommerce_selenium/./drivers/chromedriver.exe
</failure>
  </testcase>
  <testcase name="beforeMethod" classname="com.store.testCases.LoginLogOffTest" time="0">
    <skipped/>
  </testcase>
  <testcase name="beforeMethod" classname="com.store.testCases.LoginLogOffTest" time="0">
    <skipped/>
  </testcase>
  <testcase name="invalidLoginTest" classname="com.store.testCases.LoginLogOffTest" time="0">
    <skipped message="The driver is not executable: /home/thathakalyanifi/Downloads/ecommerce_selenium/./drivers/chromedriver.exe"/>
  </testcase>
  <testcase name="afterMethod" classname="com.store.testCases.LoginLogOffTest" time="0">
    <skipped/>
  </testcase>
  <testcase name="afterMethod" classname="com.store.testCases.LoginLogOffTest" time="0">
    <skipped/>
  </testcase>
  <testcase name="afterMethod" classname="com.store.testCases.LoginLogOffTest" time="0">
    <skipped/>
  </testcase>
  <testcase name="logOffTest" classname="com.store.testCases.LoginLogOffTest" time="0">
    <skipped message="The driver is not executable: /home/thathakalyanifi/Downloads/ecommerce_selenium/./drivers/chromedriver.exe"/>
  </testcase>
  <testcase name="validLoginTest" classname="com.store.testCases.LoginLogOffTest" time="0">
    <skipped message="The driver is not executable: /home/thathakalyanifi/Downloads/ecommerce_selenium/./drivers/chromedriver.exe"/>
  </testcase>
  <testcase name="beforeMethod" classname="com.store.testCases.PlaceOrderTest" time="0.443">
    <failure message="The driver is not executable: /home/thathakalyanifi/Downloads/ecommerce_selenium/./drivers/chromedriver.exe" type="java.lang.IllegalStateException">java.lang.IllegalStateException: The driver is not executable: /home/thathakalyanifi/Downloads/ecommerce_selenium/./drivers/chromedriver.exe
</failure>
  </testcase>
  <testcase name="placeOrder" classname="com.store.testCases.PlaceOrderTest" time="0">
    <skipped message="The driver is not executable: /home/thathakalyanifi/Downloads/ecommerce_selenium/./drivers/chromedriver.exe"/>
  </testcase>
  <testcase name="afterMethod" classname="com.store.testCases.PlaceOrderTest" time="0">
    <skipped/>
  </testcase>
  <testcase name="beforeMethod" classname="com.store.testCases.ReviewTest" time="0.445">
    <failure message="The driver is not executable: /home/thathakalyanifi/Downloads/ecommerce_selenium/./drivers/chromedriver.exe" type="java.lang.IllegalStateException">java.lang.IllegalStateException: The driver is not executable: /home/thathakalyanifi/Downloads/ecommerce_selenium/./drivers/chromedriver.exe
</failure>
  </testcase>
  <testcase name="writeReviewTest" classname="com.store.testCases.ReviewTest" time="0">
    <skipped message="The driver is not executable: /home/thathakalyanifi/Downloads/ecommerce_selenium/./drivers/chromedriver.exe"/>
  </testcase>
  <testcase name="afterMethod" classname="com.store.testCases.ReviewTest" time="0">
    <skipped/>
  </testcase>
  <testcase name="beforeMethod" classname="com.store.testCases.ShareProductTests" time="0.447">
    <failure message="The driver is not executable: /home/thathakalyanifi/Downloads/ecommerce_selenium/./drivers/chromedriver.exe" type="java.lang.IllegalStateException">java.lang.IllegalStateException: The driver is not executable: /home/thathakalyanifi/Downloads/ecommerce_selenium/./drivers/chromedriver.exe
</failure>
  </testcase>
  <testcase name="shareProductTest" classname="com.store.testCases.ShareProductTests" time="0">
    <skipped message="The driver is not executable: /home/thathakalyanifi/Downloads/ecommerce_selenium/./drivers/chromedriver.exe"/>
  </testcase>
  <testcase name="afterMethod" classname="com.store.testCases.ShareProductTests" time="0">
    <skipped/>
  </testcase>
  <testcase name="beforeMethod" classname="com.store.testCases.SearchTests" time="0.918">
    <failure message="The driver is not executable: /home/thathakalyanifi/Downloads/ecommerce_selenium/./drivers/chromedriver.exe" type="java.lang.IllegalStateException">java.lang.IllegalStateException: The driver is not executable: /home/thathakalyanifi/Downloads/ecommerce_selenium/./drivers/chromedriver.exe
</failure>
  </testcase>
  <testcase name="beforeMethod" classname="com.store.testCases.SearchTests" time="0">
    <skipped/>
  </testcase>
  <testcase name="beforeMethod" classname="com.store.testCases.SearchTests" time="0">
    <skipped/>
  </testcase>
  <testcase name="beforeMethod" classname="com.store.testCases.SearchTests" time="0">
    <skipped/>
  </testcase>
  <testcase name="beforeMethod" classname="com.store.testCases.SearchTests" time="0">
    <skipped/>
  </testcase>
  <testcase name="beforeMethod" classname="com.store.testCases.SearchTests" time="0">
    <skipped/>
  </testcase>
  <testcase name="itemsSearchTest" classname="com.store.testCases.SearchTests" time="0">
    <skipped message="The driver is not executable: /home/thathakalyanifi/Downloads/ecommerce_selenium/./drivers/chromedriver.exe"/>
  </testcase>
  <testcase name="itemsSearchTest" classname="com.store.testCases.SearchTests" time="0">
    <skipped message="The driver is not executable: /home/thathakalyanifi/Downloads/ecommerce_selenium/./drivers/chromedriver.exe"/>
  </testcase>
  <testcase name="itemsSearchTest" classname="com.store.testCases.SearchTests" time="0">
    <skipped message="The driver is not executable: /home/thathakalyanifi/Downloads/ecommerce_selenium/./drivers/chromedriver.exe"/>
  </testcase>
  <testcase name="itemsSearchTest" classname="com.store.testCases.SearchTests" time="0">
    <skipped message="The driver is not executable: /home/thathakalyanifi/Downloads/ecommerce_selenium/./drivers/chromedriver.exe"/>
  </testcase>
  <testcase name="itemsSearchTest" classname="com.store.testCases.SearchTests" time="0">
    <skipped message="The driver is not executable: /home/thathakalyanifi/Downloads/ecommerce_selenium/./drivers/chromedriver.exe"/>
  </testcase>
  <testcase name="afterMethod" classname="com.store.testCases.SearchTests" time="0">
    <skipped/>
  </testcase>
  <testcase name="afterMethod" classname="com.store.testCases.SearchTests" time="0">
    <skipped/>
  </testcase>
  <testcase name="afterMethod" classname="com.store.testCases.SearchTests" time="0">
    <skipped/>
  </testcase>
  <testcase name="afterMethod" classname="com.store.testCases.SearchTests" time="0">
    <skipped/>
  </testcase>
  <testcase name="afterMethod" classname="com.store.testCases.SearchTests" time="0">
    <skipped/>
  </testcase>
  <testcase name="afterMethod" classname="com.store.testCases.SearchTests" time="0">
    <skipped/>
  </testcase>
  <testcase name="manufacturerTest" classname="com.store.testCases.SearchTests" time="0">
    <skipped message="The driver is not executable: /home/thathakalyanifi/Downloads/ecommerce_selenium/./drivers/chromedriver.exe"/>
  </testcase>
  <testcase name="beforeMethod" classname="com.store.testCases.AccountCreationTests" time="1.039">
    <failure message="The driver is not executable: /home/thathakalyanifi/Downloads/ecommerce_selenium/./drivers/chromedriver.exe" type="java.lang.IllegalStateException">java.lang.IllegalStateException: The driver is not executable: /home/thathakalyanifi/Downloads/ecommerce_selenium/./drivers/chromedriver.exe
</failure>
  </testcase>
  <testcase name="beforeMethod" classname="com.store.testCases.AccountCreationTests" time="0">
    <skipped/>
  </testcase>
  <testcase name="createAccountCaseTest" classname="com.store.testCases.AccountCreationTests" time="0">
    <skipped message="The driver is not executable: /home/thathakalyanifi/Downloads/ecommerce_selenium/./drivers/chromedriver.exe"/>
  </testcase>
  <testcase name="afterMethod" classname="com.store.testCases.AccountCreationTests" time="0">
    <skipped/>
  </testcase>
  <testcase name="afterMethod" classname="com.store.testCases.AccountCreationTests" time="0">
    <skipped/>
  </testcase>
  <testcase name="createAccountTest" classname="com.store.testCases.AccountCreationTests" time="0">
    <skipped message="The driver is not executable: /home/thathakalyanifi/Downloads/ecommerce_selenium/./drivers/chromedriver.exe"/>
  </testcase>
</testsuite>